============================= test session starts ==============================
platform darwin -- Python 3.14.0, pytest-9.0.2, pluggy-1.6.0 -- /Users/eugene/Dropbox/Coding/N8N_Main_repos/project_trinity/tests/.venv/bin/python
cachedir: .pytest_cache
metadata: {'Python': '3.14.0', 'Platform': 'macOS-15.6.1-arm64-arm-64bit-Mach-O', 'Packages': {'pytest': '9.0.2', 'pluggy': '1.6.0'}, 'Plugins': {'anyio': '4.12.0', 'html': '4.1.1', 'timeout': '2.4.0', 'metadata': '3.1.1', 'asyncio': '1.3.0', 'cov': '7.0.0'}}
rootdir: /Users/eugene/Dropbox/Coding/N8N_Main_repos/project_trinity/tests
configfile: pytest.ini
testpaths: .
plugins: anyio-4.12.0, html-4.1.1, timeout-2.4.0, metadata-3.1.1, asyncio-1.3.0, cov-7.0.0
timeout: 120.0s
timeout method: signal
timeout func_only: False
asyncio: mode=Mode.AUTO, debug=False, asyncio_default_fixture_loop_scope=None, asyncio_default_test_loop_scope=function
collecting ... collected 142 items

agent_server/test_agent_chat_direct.py::TestSendMessage::test_send_message_executes SKIPPED [  0%]
agent_server/test_agent_chat_direct.py::TestChatHistory::test_get_history SKIPPED [  1%]
agent_server/test_agent_chat_direct.py::TestSessionInfo::test_get_session_stats SKIPPED [  2%]
agent_server/test_agent_chat_direct.py::TestClearHistory::test_clear_conversation SKIPPED [  2%]
agent_server/test_agent_chat_direct.py::TestModelManagement::test_get_model SKIPPED [  3%]
agent_server/test_agent_chat_direct.py::TestModelManagement::test_set_model SKIPPED [  4%]
agent_server/test_agent_files_direct.py::TestListFiles::test_list_files_tree SKIPPED [  4%]
agent_server/test_agent_files_direct.py::TestListFiles::test_excludes_hidden_files SKIPPED [  5%]
agent_server/test_agent_files_direct.py::TestDownloadFile::test_download_file SKIPPED [  6%]
agent_server/test_agent_files_direct.py::TestDownloadFile::test_path_traversal_blocked SKIPPED [  7%]
agent_server/test_agent_info.py::TestRootEndpoint::test_root_returns_service_info SKIPPED [  7%]
agent_server/test_agent_info.py::TestHealthCheck::test_health_returns_healthy SKIPPED [  8%]
agent_server/test_agent_info.py::TestAgentInfo::test_agent_info_returns_details SKIPPED [  9%]
agent_server/test_agent_info.py::TestTemplateInfo::test_template_info SKIPPED [  9%]
agent_server/test_agent_plans_direct.py::TestCreatePlan::test_create_plan SKIPPED [ 10%]
agent_server/test_agent_plans_direct.py::TestListPlans::test_list_plans SKIPPED [ 11%]
agent_server/test_agent_plans_direct.py::TestGetPlan::test_get_nonexistent_plan SKIPPED [ 11%]
agent_server/test_agent_plans_direct.py::TestUpdateTask::test_update_task_status SKIPPED [ 12%]
agent_server/test_agent_plans_direct.py::TestPlansSummary::test_get_summary SKIPPED [ 13%]
agent_server/test_agent_plans_direct.py::TestDeletePlan::test_delete_plan SKIPPED [ 14%]
test_agent_chat.py::TestSendChatMessage::test_send_message_returns_response PASSED [ 14%]
test_agent_chat.py::TestSendChatMessage::test_chat_response_has_metadata PASSED [ 15%]
test_agent_chat.py::TestSendChatMessage::test_chat_nonexistent_agent_returns_404 PASSED [ 16%]
test_agent_chat.py::TestSendChatMessage::test_chat_stopped_agent_returns_error PASSED [ 16%]
test_agent_chat.py::TestChatHistory::test_get_chat_history SKIPPED       [ 17%]
test_agent_chat.py::TestChatHistory::test_get_persistent_chat_history PASSED [ 18%]
test_agent_chat.py::TestSessionInfo::test_get_session_info PASSED        [ 19%]
test_agent_chat.py::TestChatSessions::test_list_chat_sessions PASSED     [ 19%]
test_agent_chat.py::TestModelManagement::test_get_current_model PASSED   [ 20%]
test_agent_chat.py::TestModelManagement::test_set_valid_model PASSED     [ 21%]
test_agent_chat.py::TestResetSession::test_reset_session PASSED          [ 21%]
test_agent_files.py::TestListFiles::test_list_files_returns_tree PASSED  [ 22%]
test_agent_files.py::TestListFiles::test_file_has_required_fields PASSED [ 23%]
test_agent_files.py::TestListFiles::test_directory_has_children PASSED   [ 23%]
test_agent_files.py::TestListFiles::test_hidden_files_excluded PASSED    [ 24%]
test_agent_files.py::TestDownloadFile::test_download_existing_file SKIPPED [ 25%]
test_agent_files.py::TestDownloadFile::test_download_nonexistent_file_returns_404 PASSED [ 26%]
test_agent_files.py::TestDownloadFile::test_download_directory_returns_400 PASSED [ 26%]
test_agent_files.py::TestDownloadFile::test_path_traversal_blocked PASSED [ 27%]
test_agent_git.py::TestGitStatus::test_get_git_status PASSED             [ 28%]
test_agent_git.py::TestGitStatus::test_git_disabled_returns_false PASSED [ 28%]
test_agent_git.py::TestGitSync::test_git_sync SKIPPED (Git not
configured for agent)                                                    [ 29%]
test_agent_git.py::TestGitSync::test_git_sync_nonexistent_agent PASSED   [ 30%]
test_agent_git.py::TestGitLog::test_get_git_log SKIPPED (Git not
configured for agent)                                                    [ 30%]
test_agent_git.py::TestGitLog::test_git_log_with_limit PASSED            [ 31%]
test_agent_git.py::TestGitPull::test_git_pull SKIPPED (Git not
configured for agent)                                                    [ 32%]
test_agent_lifecycle.py::TestListAgents::test_list_agents_returns_array PASSED [ 33%]
test_agent_lifecycle.py::TestListAgents::test_list_agents_has_required_fields PASSED [ 33%]
test_agent_lifecycle.py::TestListAgents::test_list_agents_requires_auth PASSED [ 34%]
test_agent_lifecycle.py::TestCreateAgent::test_create_minimal_agent PASSED [ 35%]
test_agent_lifecycle.py::TestCreateAgent::test_create_agent_with_template PASSED [ 35%]
test_agent_lifecycle.py::TestCreateAgent::test_create_agent_with_resources PASSED [ 36%]
test_agent_lifecycle.py::TestCreateAgent::test_duplicate_name_returns_409 PASSED [ 37%]
test_agent_lifecycle.py::TestCreateAgent::test_invalid_name_returns_400 PASSED [ 38%]
test_agent_lifecycle.py::TestCreateAgent::test_agent_auto_started_after_creation FAILED [ 38%]
test_agent_lifecycle.py::TestGetAgent::test_get_agent_returns_details ERROR [ 39%]
test_agent_lifecycle.py::TestGetAgent::test_get_nonexistent_agent_returns_404 FAILED [ 40%]
test_agent_lifecycle.py::TestGetAgent::test_get_agent_requires_auth ERROR [ 40%]
test_agent_lifecycle.py::TestStartAgent::test_start_stopped_agent 